0 info it worked if it ends with ok
1 verbose cli [ '/Users/forrestguilloud1/.nvm/versions/node/v4.2.0/bin/node',
1 verbose cli   '/Users/forrestguilloud1/.nvm/versions/node/v4.2.0/bin/npm',
1 verbose cli   'publish' ]
2 info using npm@3.9.6
3 info using node@v4.2.0
4 verbose publish [ '.' ]
5 silly cache add args [ '.', null ]
6 verbose cache add spec .
7 silly cache add parsed spec Result {
7 silly cache add   raw: '.',
7 silly cache add   scope: null,
7 silly cache add   name: null,
7 silly cache add   rawSpec: '.',
7 silly cache add   spec: '/Users/forrestguilloud1/Desktop/blakeG/react-proptypes',
7 silly cache add   type: 'directory' }
8 verbose addLocalDirectory /Users/forrestguilloud1/.npm/react-proptypes/1.0.0/package.tgz not in flight; packing
9 verbose correctMkdir /Users/forrestguilloud1/.npm correctMkdir not in flight; initializing
10 info lifecycle react-proptypes@1.0.0~prepublish: react-proptypes@1.0.0
11 silly lifecycle react-proptypes@1.0.0~prepublish: no script for prepublish, continuing
12 verbose tar pack [ '/Users/forrestguilloud1/.npm/react-proptypes/1.0.0/package.tgz',
12 verbose tar pack   '/Users/forrestguilloud1/Desktop/blakeG/react-proptypes' ]
13 verbose tarball /Users/forrestguilloud1/.npm/react-proptypes/1.0.0/package.tgz
14 verbose folder /Users/forrestguilloud1/Desktop/blakeG/react-proptypes
15 verbose addLocalTarball adding from inside cache /Users/forrestguilloud1/.npm/react-proptypes/1.0.0/package.tgz
16 verbose correctMkdir /Users/forrestguilloud1/.npm correctMkdir not in flight; initializing
17 silly cache afterAdd react-proptypes@1.0.0
18 verbose afterAdd /Users/forrestguilloud1/.npm/react-proptypes/1.0.0/package/package.json not in flight; writing
19 verbose correctMkdir /Users/forrestguilloud1/.npm correctMkdir not in flight; initializing
20 verbose afterAdd /Users/forrestguilloud1/.npm/react-proptypes/1.0.0/package/package.json written
21 silly publish { name: 'react-proptypes',
21 silly publish   version: '1.0.0',
21 silly publish   description: 'React PropTypes utility',
21 silly publish   main: 'index.js',
21 silly publish   peerDependencies: { react: '>=0.14.0' },
21 silly publish   scripts: { test: 'echo "Error: no test specified" && exit 1' },
21 silly publish   keywords: [ 'react', 'proptypes', 'prop', 'types' ],
21 silly publish   author: { name: 'Blake Guilloud' },
21 silly publish   license: 'ISC',
21 silly publish   dependencies: { react: '^15.4.1' },
21 silly publish   readme: '# react-proptypes\n',
21 silly publish   readmeFilename: 'README.md',
21 silly publish   gitHead: '33ad0eb786f3c3b88d9adf5f6ce29e725c8a27e8',
21 silly publish   _id: 'react-proptypes@1.0.0',
21 silly publish   _shasum: '3880075b1d6e41763ba97ff2720cfcd2e8387c95',
21 silly publish   _from: '.' }
22 verbose getPublishConfig undefined
23 silly mapToRegistry name react-proptypes
24 silly mapToRegistry using default registry
25 silly mapToRegistry registry https://registry.npmjs.org/
26 silly mapToRegistry data Result {
26 silly mapToRegistry   raw: 'react-proptypes',
26 silly mapToRegistry   scope: null,
26 silly mapToRegistry   name: 'react-proptypes',
26 silly mapToRegistry   rawSpec: '',
26 silly mapToRegistry   spec: 'latest',
26 silly mapToRegistry   type: 'tag' }
27 silly mapToRegistry uri https://registry.npmjs.org/react-proptypes
28 verbose publish registryBase https://registry.npmjs.org/
29 silly publish uploading /Users/forrestguilloud1/.npm/react-proptypes/1.0.0/package.tgz
30 verbose request uri https://registry.npmjs.org/react-proptypes
31 verbose request sending authorization for write operation
32 info attempt registry request try #1 at 11:37:39 PM
33 verbose request using bearer token for auth
34 verbose request id 9c92fd61ab0e0196
35 http request PUT https://registry.npmjs.org/react-proptypes
36 http 403 https://registry.npmjs.org/react-proptypes
37 verbose headers { 'content-type': 'application/json',
37 verbose headers   'cache-control': 'max-age=300',
37 verbose headers   'content-length': '109',
37 verbose headers   'accept-ranges': 'bytes',
37 verbose headers   date: 'Tue, 13 Dec 2016 04:37:41 GMT',
37 verbose headers   via: '1.1 varnish',
37 verbose headers   connection: 'keep-alive',
37 verbose headers   'x-served-by': 'cache-atl6220-ATL',
37 verbose headers   'x-cache': 'MISS',
37 verbose headers   'x-cache-hits': '0',
37 verbose headers   'x-timer': 'S1481603860.603098,VS0,VE434',
37 verbose headers   vary: 'Accept-Encoding' }
38 verbose request invalidating /Users/forrestguilloud1/.npm/registry.npmjs.org/react-proptypes on PUT
39 error publish Failed PUT 403
40 verbose stack Error: you do not have permission to publish "react-proptypes". Are you logged in as the correct user? : react-proptypes
40 verbose stack     at makeError (/Users/forrestguilloud1/.nvm/versions/node/v4.2.0/lib/node_modules/npm/node_modules/npm-registry-client/lib/request.js:264:12)
40 verbose stack     at CachingRegistryClient.<anonymous> (/Users/forrestguilloud1/.nvm/versions/node/v4.2.0/lib/node_modules/npm/node_modules/npm-registry-client/lib/request.js:252:14)
40 verbose stack     at Request._callback (/Users/forrestguilloud1/.nvm/versions/node/v4.2.0/lib/node_modules/npm/node_modules/npm-registry-client/lib/request.js:172:14)
40 verbose stack     at Request.self.callback (/Users/forrestguilloud1/.nvm/versions/node/v4.2.0/lib/node_modules/npm/node_modules/request/request.js:200:22)
40 verbose stack     at emitTwo (events.js:87:13)
40 verbose stack     at Request.emit (events.js:172:7)
40 verbose stack     at Request.<anonymous> (/Users/forrestguilloud1/.nvm/versions/node/v4.2.0/lib/node_modules/npm/node_modules/request/request.js:1067:10)
40 verbose stack     at emitOne (events.js:82:20)
40 verbose stack     at Request.emit (events.js:169:7)
40 verbose stack     at IncomingMessage.<anonymous> (/Users/forrestguilloud1/.nvm/versions/node/v4.2.0/lib/node_modules/npm/node_modules/request/request.js:988:12)
41 verbose statusCode 403
42 verbose pkgid react-proptypes
43 verbose cwd /Users/forrestguilloud1/Desktop/blakeG/react-proptypes
44 error Darwin 15.6.0
45 error argv "/Users/forrestguilloud1/.nvm/versions/node/v4.2.0/bin/node" "/Users/forrestguilloud1/.nvm/versions/node/v4.2.0/bin/npm" "publish"
46 error node v4.2.0
47 error npm  v3.9.6
48 error code E403
49 error you do not have permission to publish "react-proptypes". Are you logged in as the correct user? : react-proptypes
50 error If you need help, you may report this error at:
50 error     <https://github.com/npm/npm/issues>
51 verbose exit [ 1, true ]
